<?xml version="1.0" encoding="UTF-8"?>
<!-- Generated by org.testng.reporters.JUnitReportReporter -->
<testsuite hostname="IN-PG03526Q" failures="0" tests="3" name="tests.TestGroceryCategory" time="15.455" errors="0" timestamp="2024-05-16T19:43:00 IST" skipped="0">
  <testcase classname="tests.TestGroceryCategory" name="VerifyGroceryCategory" time="9.351"/>
  <system-out/>
  <testcase classname="tests.TestGroceryCategory" name="VerifyPincodeEnter" time="0.176"/>
  <system-out/>
  <testcase classname="tests.TestGroceryCategory" name="VerifySearchProduct" time="5.928"/>
  <system-out/>
</testsuite> <!-- tests.TestGroceryCategory -->
