<?xml version="1.0" encoding="UTF-8"?>
<!-- Generated by org.testng.reporters.JUnitReportReporter -->
<testsuite hostname="IN-PG03526Q" failures="0" tests="2" name="tests.TestTravelPage" time="8.227" errors="0" timestamp="2024-05-16T20:31:45 IST" skipped="0">
  <testcase classname="tests.TestTravelPage" name="VerifyCartPage" time="8.012"/>
  <system-out/>
  <testcase classname="tests.TestTravelPage" name="verifyFlightPageElements" time="0.215"/>
  <system-out/>
</testsuite> <!-- tests.TestTravelPage -->
