<?xml version="1.0" encoding="UTF-8"?>
<!-- Generated by org.testng.reporters.JUnitReportReporter -->
<testsuite hostname="IN-PG03526Q" failures="0" tests="1" name="tests.TestVerifyCart" time="5.182" errors="0" timestamp="2024-05-14T15:34:38 IST" skipped="0">
  <testcase classname="tests.TestVerifyCart" name="VerifyCart" time="5.182"/>
  <system-out/>
</testsuite> <!-- tests.TestVerifyCart -->
