<?xml version="1.0" encoding="UTF-8"?>
<!-- Generated by org.testng.reporters.JUnitReportReporter -->
<testsuite hostname="IN-PG03526Q" failures="0" tests="1" name="tests.TestHomePage" time="81.994" errors="0" timestamp="2024-05-16T20:31:45 IST" skipped="0">
  <testcase classname="tests.TestHomePage" name="verifyHomePageTitle" time="81.994"/>
  <system-out/>
</testsuite> <!-- tests.TestHomePage -->
